# Logfile created on 2011-10-24 21:34:05 -0500 by logger.rb/25413
D, [2011-10-25T14:00:13.260621 #11200] DEBUG -- : MONGODB presentations['system.namespaces'].find({})
D, [2011-10-25T14:00:13.261393 #11200] DEBUG -- : MONGODB presentations['presentations'].find({:_id=>BSON::ObjectId('4ea4a243a85b541b0f000001')}).limit(-1).sort([[:_id, :asc]])
D, [2011-10-25T14:00:23.668202 #11200] DEBUG -- : MONGODB presentations['presentations'].find({:_id=>BSON::ObjectId('4ea4a243a85b541b0f000001')}).limit(-1).sort([[:_id, :asc]])
I, [2011-10-25T14:00:23.668854 #11200]  INFO -- : {"slide_type"=>"image", "content"=>"", "file"=>{:filename=>"Screen Shot 2011-10-24 at 8.36.22 PM.png", :type=>"image/png", :name=>"file", :tempfile=>#<File:/var/folders/cs/m315ph317dg_hc3rgqjkkvkr0000gp/T/RackMultipart20111025-11200-19sezmf>, :head=>"Content-Disposition: form-data; name=\"file\"; filename=\"Screen Shot 2011-10-24 at 8.36.22 PM.png\"\r\nContent-Type: image/png\r\n"}}
I, [2011-10-25T14:00:23.669049 #11200]  INFO -- : image
D, [2011-10-25T14:02:39.963493 #11295] DEBUG -- : MONGODB presentations['system.namespaces'].find({})
D, [2011-10-25T14:02:39.964332 #11295] DEBUG -- : MONGODB presentations['presentations'].find({:_id=>BSON::ObjectId('4ea4a243a85b541b0f000001')}).limit(-1).sort([[:_id, :asc]])
I, [2011-10-25T14:02:39.965304 #11295]  INFO -- : {"slide_type"=>"image", "content"=>"", "file"=>{:filename=>"Screen Shot 2011-10-24 at 8.36.22 PM.png", :type=>"image/png", :name=>"file", :tempfile=>#<File:/var/folders/cs/m315ph317dg_hc3rgqjkkvkr0000gp/T/RackMultipart20111025-11295-1ayc0kl>, :head=>"Content-Disposition: form-data; name=\"file\"; filename=\"Screen Shot 2011-10-24 at 8.36.22 PM.png\"\r\nContent-Type: image/png\r\n"}}
I, [2011-10-25T14:02:39.965453 #11295]  INFO -- : :image
D, [2011-10-25T14:03:46.833535 #11374] DEBUG -- : MONGODB presentations['system.namespaces'].find({})
D, [2011-10-25T14:03:46.834195 #11374] DEBUG -- : MONGODB presentations['presentations'].find({:_id=>BSON::ObjectId('4ea4a243a85b541b0f000001')}).limit(-1).sort([[:_id, :asc]])
I, [2011-10-25T14:03:46.835132 #11374]  INFO -- : {"slide_type"=>"image", "content"=>"", "file"=>{:filename=>"Screen Shot 2011-10-24 at 8.36.22 PM.png", :type=>"image/png", :name=>"file", :tempfile=>#<File:/var/folders/cs/m315ph317dg_hc3rgqjkkvkr0000gp/T/RackMultipart20111025-11374-16qc8ol>, :head=>"Content-Disposition: form-data; name=\"file\"; filename=\"Screen Shot 2011-10-24 at 8.36.22 PM.png\"\r\nContent-Type: image/png\r\n"}}
I, [2011-10-25T14:03:46.835276 #11374]  INFO -- : :image
D, [2011-10-25T14:04:07.426890 #11449] DEBUG -- : MONGODB presentations['system.namespaces'].find({})
D, [2011-10-25T14:04:07.427821 #11449] DEBUG -- : MONGODB presentations['presentations'].find({:_id=>BSON::ObjectId('4ea4a243a85b541b0f000001')}).limit(-1).sort([[:_id, :asc]])
I, [2011-10-25T14:04:07.428931 #11449]  INFO -- : {"slide_type"=>"image", "content"=>"", "file"=>{:filename=>"Screen Shot 2011-10-24 at 8.36.22 PM.png", :type=>"image/png", :name=>"file", :tempfile=>#<File:/var/folders/cs/m315ph317dg_hc3rgqjkkvkr0000gp/T/RackMultipart20111025-11449-rz2tzp>, :head=>"Content-Disposition: form-data; name=\"file\"; filename=\"Screen Shot 2011-10-24 at 8.36.22 PM.png\"\r\nContent-Type: image/png\r\n"}}
I, [2011-10-25T14:04:07.429144 #11449]  INFO -- : :image
I, [2011-10-25T14:04:07.429184 #11449]  INFO -- : Creating an image
D, [2011-10-25T14:04:59.482252 #11524] DEBUG -- : MONGODB presentations['system.namespaces'].find({})
D, [2011-10-25T14:04:59.482934 #11524] DEBUG -- : MONGODB presentations['presentations'].find({:_id=>BSON::ObjectId('4ea4a243a85b541b0f000001')}).limit(-1).sort([[:_id, :asc]])
I, [2011-10-25T14:04:59.483888 #11524]  INFO -- : {"slide_type"=>"image", "content"=>"", "file"=>{:filename=>"Screen Shot 2011-10-24 at 8.36.22 PM.png", :type=>"image/png", :name=>"file", :tempfile=>#<File:/var/folders/cs/m315ph317dg_hc3rgqjkkvkr0000gp/T/RackMultipart20111025-11524-1oem4pk>, :head=>"Content-Disposition: form-data; name=\"file\"; filename=\"Screen Shot 2011-10-24 at 8.36.22 PM.png\"\r\nContent-Type: image/png\r\n"}}
I, [2011-10-25T14:04:59.484090 #11524]  INFO -- : :image
I, [2011-10-25T14:04:59.484129 #11524]  INFO -- : Creating an image
D, [2011-10-25T14:04:59.555701 #11524] DEBUG -- : MONGODB presentations['presentations'].find({:_id=>BSON::ObjectId('4ea4a243a85b541b0f000001')}).limit(-1).sort([[:_id, :asc]])
D, [2011-10-25T14:06:00.267130 #11524] DEBUG -- : MONGODB presentations['presentations'].find({:_id=>BSON::ObjectId('4ea4a243a85b541b0f000001')}).limit(-1).sort([[:_id, :asc]])
D, [2011-10-25T14:12:06.699588 #11524] DEBUG -- : MONGODB presentations['presentations'].find({:_id=>BSON::ObjectId('4ea4a243a85b541b0f000001')}).limit(-1).sort([[:_id, :asc]])
D, [2011-10-25T14:12:50.262280 #11524] DEBUG -- : MONGODB presentations['presentations'].find({:_id=>BSON::ObjectId('4ea4a243a85b541b0f000001')}).limit(-1).sort([[:_id, :asc]])
D, [2011-10-25T14:13:27.594661 #11524] DEBUG -- : MONGODB presentations['presentations'].find({:_id=>BSON::ObjectId('4ea4a243a85b541b0f000001')}).limit(-1).sort([[:_id, :asc]])
D, [2011-10-25T14:14:18.121383 #11524] DEBUG -- : MONGODB presentations['presentations'].find({:_id=>BSON::ObjectId('4ea4a243a85b541b0f000001')}).limit(-1).sort([[:_id, :asc]])
D, [2011-10-25T14:14:40.357712 #11524] DEBUG -- : MONGODB presentations['presentations'].find({:_id=>BSON::ObjectId('4ea4a243a85b541b0f000001')}).limit(-1).sort([[:_id, :asc]])
D, [2011-10-25T14:15:19.471022 #11524] DEBUG -- : MONGODB presentations['presentations'].find({:_id=>BSON::ObjectId('4ea4a243a85b541b0f000001')}).limit(-1).sort([[:_id, :asc]])
D, [2011-10-25T14:15:46.730306 #11524] DEBUG -- : MONGODB presentations['presentations'].find({:_id=>BSON::ObjectId('4ea4a243a85b541b0f000001')}).limit(-1).sort([[:_id, :asc]])
D, [2011-10-25T14:16:24.716353 #11524] DEBUG -- : MONGODB presentations['presentations'].find({:_id=>BSON::ObjectId('4ea4a243a85b541b0f000001')}).limit(-1).sort([[:_id, :asc]])
D, [2011-10-25T14:16:30.303977 #11524] DEBUG -- : MONGODB presentations['presentations'].find({:_id=>BSON::ObjectId('4ea4a243a85b541b0f000001')}).limit(-1).sort([[:_id, :asc]])
D, [2011-10-25T14:16:54.281832 #11524] DEBUG -- : MONGODB presentations['presentations'].find({:_id=>BSON::ObjectId('4ea4a243a85b541b0f000001')}).limit(-1).sort([[:_id, :asc]])
D, [2011-10-25T14:18:38.083818 #11524] DEBUG -- : MONGODB presentations['presentations'].find({:_id=>BSON::ObjectId('4ea4a243a85b541b0f000001')}).limit(-1).sort([[:_id, :asc]])
D, [2011-10-25T14:19:14.842068 #11524] DEBUG -- : MONGODB presentations['presentations'].find({:_id=>BSON::ObjectId('4ea4a243a85b541b0f000001')}).limit(-1).sort([[:_id, :asc]])
D, [2011-10-25T14:19:35.958699 #11524] DEBUG -- : MONGODB presentations['presentations'].find({:_id=>BSON::ObjectId('4ea4a243a85b541b0f000001')}).limit(-1).sort([[:_id, :asc]])
D, [2011-10-25T14:19:44.247700 #11524] DEBUG -- : MONGODB presentations['presentations'].find({:_id=>BSON::ObjectId('4ea4a243a85b541b0f000001')}).limit(-1).sort([[:_id, :asc]])
D, [2011-10-25T14:20:00.551971 #11524] DEBUG -- : MONGODB presentations['presentations'].find({:_id=>BSON::ObjectId('4ea4a243a85b541b0f000001')}).limit(-1).sort([[:_id, :asc]])
I, [2011-10-25T14:20:00.552856 #11524]  INFO -- : {"slide_type"=>"markdown", "content"=>"- Deploy vs Distribute\r\n- Point #2\r\n- Point #3"}
I, [2011-10-25T14:20:00.552946 #11524]  INFO -- : :markdown
D, [2011-10-25T14:20:00.595528 #11524] DEBUG -- : MONGODB presentations['presentations'].find({:_id=>BSON::ObjectId('4ea4a243a85b541b0f000001')}).limit(-1).sort([[:_id, :asc]])
D, [2011-10-25T14:20:36.992183 #11524] DEBUG -- : MONGODB presentations['presentations'].find({:_id=>BSON::ObjectId('4ea4a243a85b541b0f000001')}).limit(-1).sort([[:_id, :asc]])
D, [2011-10-25T14:20:51.877388 #11524] DEBUG -- : MONGODB presentations['presentations'].find({:_id=>BSON::ObjectId('4ea4a243a85b541b0f000001')}).limit(-1).sort([[:_id, :asc]])
D, [2011-10-25T14:21:13.546980 #11524] DEBUG -- : MONGODB presentations['presentations'].find({:_id=>BSON::ObjectId('4ea4a243a85b541b0f000001')}).limit(-1).sort([[:_id, :asc]])
D, [2011-10-25T14:21:52.892485 #11524] DEBUG -- : MONGODB presentations['presentations'].find({:_id=>BSON::ObjectId('4ea4a243a85b541b0f000001')}).limit(-1).sort([[:_id, :asc]])
D, [2011-10-25T14:24:26.797638 #11524] DEBUG -- : MONGODB presentations['presentations'].find({:_id=>BSON::ObjectId('4ea4a243a85b541b0f000001')}).limit(-1).sort([[:_id, :asc]])
D, [2011-10-25T14:24:40.993790 #11524] DEBUG -- : MONGODB presentations['presentations'].find({:_id=>BSON::ObjectId('4ea4a243a85b541b0f000001')}).limit(-1).sort([[:_id, :asc]])
D, [2011-10-25T14:25:25.489293 #11524] DEBUG -- : MONGODB presentations['presentations'].find({:_id=>BSON::ObjectId('4ea4a243a85b541b0f000001')}).limit(-1).sort([[:_id, :asc]])
D, [2011-10-25T14:25:47.914495 #11524] DEBUG -- : MONGODB presentations['presentations'].find({:_id=>BSON::ObjectId('4ea4a243a85b541b0f000001')}).limit(-1).sort([[:_id, :asc]])
D, [2011-10-25T14:30:51.676042 #11524] DEBUG -- : MONGODB presentations['presentations'].find({:_id=>BSON::ObjectId('4ea4a243a85b541b0f000001')}).limit(-1).sort([[:_id, :asc]])
D, [2011-10-25T14:31:10.033834 #11524] DEBUG -- : MONGODB presentations['presentations'].find({:_id=>BSON::ObjectId('4ea4a243a85b541b0f000001')}).limit(-1).sort([[:_id, :asc]])
D, [2011-10-25T14:32:55.409794 #11524] DEBUG -- : MONGODB presentations['presentations'].find({:_id=>BSON::ObjectId('4ea4a243a85b541b0f000001')}).limit(-1).sort([[:_id, :asc]])
D, [2011-10-25T14:34:30.004023 #11524] DEBUG -- : MONGODB presentations['presentations'].find({:_id=>BSON::ObjectId('4ea4a243a85b541b0f000001')}).limit(-1).sort([[:_id, :asc]])
D, [2011-10-25T14:35:12.114721 #11524] DEBUG -- : MONGODB presentations['presentations'].find({:_id=>BSON::ObjectId('4ea4a243a85b541b0f000001')}).limit(-1).sort([[:_id, :asc]])
D, [2011-10-25T14:36:35.528239 #11524] DEBUG -- : MONGODB presentations['presentations'].find({:_id=>BSON::ObjectId('4ea4a243a85b541b0f000001')}).limit(-1).sort([[:_id, :asc]])
D, [2011-10-25T14:37:51.802206 #11524] DEBUG -- : MONGODB presentations['presentations'].find({:_id=>BSON::ObjectId('4ea4a243a85b541b0f000001')}).limit(-1).sort([[:_id, :asc]])
D, [2011-10-25T14:38:29.703009 #11524] DEBUG -- : MONGODB presentations['presentations'].find({:_id=>BSON::ObjectId('4ea4a243a85b541b0f000001')}).limit(-1).sort([[:_id, :asc]])
D, [2011-10-25T14:38:40.994882 #11524] DEBUG -- : MONGODB presentations['presentations'].find({:_id=>BSON::ObjectId('4ea4a243a85b541b0f000001')}).limit(-1).sort([[:_id, :asc]])
D, [2011-10-25T14:38:47.507737 #11524] DEBUG -- : MONGODB presentations['presentations'].find({:_id=>BSON::ObjectId('4ea4a243a85b541b0f000001')}).limit(-1).sort([[:_id, :asc]])
D, [2011-10-25T14:41:24.840276 #11524] DEBUG -- : MONGODB presentations['presentations'].find({:_id=>BSON::ObjectId('4ea4a243a85b541b0f000001')}).limit(-1).sort([[:_id, :asc]])
D, [2011-10-25T14:41:38.430069 #11524] DEBUG -- : MONGODB presentations['presentations'].find({:_id=>BSON::ObjectId('4ea4a243a85b541b0f000001')}).limit(-1).sort([[:_id, :asc]])
D, [2011-10-25T14:41:54.591704 #11524] DEBUG -- : MONGODB presentations['presentations'].find({:_id=>BSON::ObjectId('4ea4a243a85b541b0f000001')}).limit(-1).sort([[:_id, :asc]])
D, [2011-10-25T14:42:11.014750 #11524] DEBUG -- : MONGODB presentations['presentations'].find({:_id=>BSON::ObjectId('4ea4a243a85b541b0f000001')}).limit(-1).sort([[:_id, :asc]])
D, [2011-10-25T14:44:57.624287 #11524] DEBUG -- : MONGODB presentations['presentations'].find({:_id=>BSON::ObjectId('4ea4a243a85b541b0f000001')}).limit(-1).sort([[:_id, :asc]])
D, [2011-10-25T14:45:43.901903 #11524] DEBUG -- : MONGODB presentations['presentations'].find({:_id=>BSON::ObjectId('4ea4a243a85b541b0f000001')}).limit(-1).sort([[:_id, :asc]])
D, [2011-10-25T14:48:23.592125 #14274] DEBUG -- : MONGODB presentations['system.namespaces'].find({})
D, [2011-10-25T14:48:23.592990 #14274] DEBUG -- : MONGODB presentations['presentations'].find({:_id=>BSON::ObjectId('4ea4a243a85b541b0f000001')}).limit(-1).sort([[:_id, :asc]])
D, [2011-10-25T14:48:27.380336 #14274] DEBUG -- : MONGODB presentations['presentations'].find({:_id=>BSON::ObjectId('4ea4a243a85b541b0f000001')}).limit(-1).sort([[:_id, :asc]])
D, [2011-10-25T14:51:02.600458 #14351] DEBUG -- : MONGODB presentations['system.namespaces'].find({})
D, [2011-10-25T14:51:02.601113 #14351] DEBUG -- : MONGODB presentations['presentations'].find({:_id=>BSON::ObjectId('4ea4a243a85b541b0f000001')}).limit(-1).sort([[:_id, :asc]])
D, [2011-10-25T14:51:32.196689 #14351] DEBUG -- : MONGODB presentations['presentations'].find({:_id=>BSON::ObjectId('4ea4a243a85b541b0f000001')}).limit(-1).sort([[:_id, :asc]])
D, [2011-10-25T14:51:59.504161 #14351] DEBUG -- : MONGODB presentations['presentations'].find({:_id=>BSON::ObjectId('4ea4a243a85b541b0f000001')}).limit(-1).sort([[:_id, :asc]])
D, [2011-10-25T14:52:07.727550 #14351] DEBUG -- : MONGODB presentations['presentations'].find({:_id=>BSON::ObjectId('4ea4a243a85b541b0f000001')}).limit(-1).sort([[:_id, :asc]])
D, [2011-10-25T14:52:36.407855 #14351] DEBUG -- : MONGODB presentations['presentations'].find({:_id=>BSON::ObjectId('4ea4a243a85b541b0f000001')}).limit(-1).sort([[:_id, :asc]])
D, [2011-10-25T15:00:38.273848 #14351] DEBUG -- : MONGODB presentations['presentations'].find({})
D, [2011-10-25T15:00:38.275634 #14351] DEBUG -- : MONGODB presentations['$cmd'].find({"count"=>"presentations", "query"=>{}, "fields"=>nil}).limit(-1)
D, [2011-10-25T15:46:54.748568 #14710] DEBUG -- : MONGODB presentations['system.namespaces'].find({})
D, [2011-10-25T15:46:54.749114 #14710] DEBUG -- : MONGODB presentations['presentations'].find({})
D, [2011-10-25T15:46:54.749955 #14710] DEBUG -- : MONGODB presentations['$cmd'].find({"count"=>"presentations", "query"=>{}, "fields"=>nil}).limit(-1)
D, [2011-10-25T16:00:14.986392 #15073] DEBUG -- : MONGODB presentations['system.namespaces'].find({})
D, [2011-10-25T16:00:14.987060 #15073] DEBUG -- : MONGODB presentations['presentations'].find({:_id=>BSON::ObjectId('4ea4a243a85b541b0f000001')}).limit(-1).sort([[:_id, :asc]])
D, [2011-10-25T16:00:21.825374 #15073] DEBUG -- : MONGODB presentations['presentations'].find({:_id=>BSON::ObjectId('4ea4a243a85b541b0f000001')}).limit(-1).sort([[:_id, :asc]])
D, [2011-10-25T16:01:17.950589 #15073] DEBUG -- : MONGODB presentations['presentations'].find({:_id=>BSON::ObjectId('4ea4a243a85b541b0f000001')}).limit(-1).sort([[:_id, :asc]])
D, [2011-10-25T16:34:42.075910 #15138] DEBUG -- : MONGODB presentations['system.namespaces'].find({})
D, [2011-10-25T16:34:42.077814 #15138] DEBUG -- : MONGODB presentations['presentations'].find({:_id=>BSON::ObjectId('4ea4a243a85b541b0f000001')}).limit(-1).sort([[:_id, :asc]])
D, [2011-10-25T16:34:57.610735 #15214] DEBUG -- : MONGODB presentations['system.namespaces'].find({})
D, [2011-10-25T16:34:57.611695 #15214] DEBUG -- : MONGODB presentations['presentations'].find({:_id=>BSON::ObjectId('4ea4a243a85b541b0f000001')}).limit(-1).sort([[:_id, :asc]])
D, [2011-10-25T16:36:02.166342 #15291] DEBUG -- : MONGODB presentations['system.namespaces'].find({})
D, [2011-10-25T16:36:02.166964 #15291] DEBUG -- : MONGODB presentations['presentations'].find({:_id=>BSON::ObjectId('4ea4a243a85b541b0f000001')}).limit(-1).sort([[:_id, :asc]])
D, [2011-10-25T16:36:41.286068 #15291] DEBUG -- : MONGODB presentations['presentations'].find({:_id=>BSON::ObjectId('4ea4a243a85b541b0f000001')}).limit(-1).sort([[:_id, :asc]])
D, [2011-10-25T16:38:20.374931 #15376] DEBUG -- : MONGODB presentations['system.namespaces'].find({})
D, [2011-10-25T16:38:20.375574 #15376] DEBUG -- : MONGODB presentations['presentations'].find({:_id=>BSON::ObjectId('4ea4a243a85b541b0f000001')}).limit(-1).sort([[:_id, :asc]])
D, [2011-10-25T16:43:37.809149 #15376] DEBUG -- : MONGODB presentations['presentations'].find({:_id=>BSON::ObjectId('4ea4a243a85b541b0f000001')}).limit(-1).sort([[:_id, :asc]])
D, [2011-10-25T16:45:19.159690 #15376] DEBUG -- : MONGODB presentations['presentations'].find({})
D, [2011-10-25T16:45:19.160885 #15376] DEBUG -- : MONGODB presentations['$cmd'].find({"count"=>"presentations", "query"=>{}, "fields"=>nil}).limit(-1)
D, [2011-10-25T16:45:22.915102 #15376] DEBUG -- : MONGODB presentations['presentations'].find({:_id=>BSON::ObjectId('4ea4a243a85b541b0f000001')}).limit(-1).sort([[:_id, :asc]])
D, [2011-10-25T16:45:42.854450 #15376] DEBUG -- : MONGODB presentations['presentations'].find({})
D, [2011-10-25T16:45:42.855678 #15376] DEBUG -- : MONGODB presentations['$cmd'].find({"count"=>"presentations", "query"=>{}, "fields"=>nil}).limit(-1)
D, [2011-10-25T16:45:44.396126 #15376] DEBUG -- : MONGODB presentations['presentations'].find({:_id=>BSON::ObjectId('4ea4a243a85b541b0f000001')}).limit(-1).sort([[:_id, :asc]])
D, [2011-10-25T16:54:45.722669 #15376] DEBUG -- : MONGODB presentations['presentations'].find({:_id=>BSON::ObjectId('4ea4a243a85b541b0f000001')}).limit(-1).sort([[:_id, :asc]])
D, [2011-10-25T16:57:31.421018 #15497] DEBUG -- : MONGODB presentations['system.namespaces'].find({})
D, [2011-10-25T16:57:31.421820 #15497] DEBUG -- : MONGODB presentations['presentations'].find({})
D, [2011-10-25T16:57:31.423162 #15497] DEBUG -- : MONGODB presentations['$cmd'].find({"count"=>"presentations", "query"=>{}, "fields"=>nil}).limit(-1)
D, [2011-10-25T16:59:18.165951 #15497] DEBUG -- : MONGODB presentations['presentations'].find({})
D, [2011-10-25T16:59:18.166803 #15497] DEBUG -- : MONGODB presentations['$cmd'].find({"count"=>"presentations", "query"=>{}, "fields"=>nil}).limit(-1)
D, [2011-10-25T16:59:19.893209 #15497] DEBUG -- : MONGODB presentations['presentations'].find({:_id=>BSON::ObjectId('4ea4a243a85b541b0f000001')}).limit(-1).sort([[:_id, :asc]])
D, [2011-10-25T19:11:31.456458 #15555] DEBUG -- : MONGODB presentations['system.namespaces'].find({})
D, [2011-10-25T19:11:31.457481 #15555] DEBUG -- : MONGODB presentations['presentations'].find({:_id=>BSON::ObjectId('4ea4a243a85b541b0f000001')}).limit(-1).sort([[:_id, :asc]])
D, [2011-10-25T19:12:33.324778 #15555] DEBUG -- : MONGODB presentations['presentations'].find({:_id=>BSON::ObjectId('4ea4a243a85b541b0f000001')}).limit(-1).sort([[:_id, :asc]])
D, [2011-10-25T19:12:51.870067 #15555] DEBUG -- : MONGODB presentations['presentations'].find({:_id=>BSON::ObjectId('4ea4a243a85b541b0f000001')}).limit(-1).sort([[:_id, :asc]])
D, [2011-10-25T19:13:45.067769 #15555] DEBUG -- : MONGODB presentations['presentations'].find({:_id=>BSON::ObjectId('4ea4a243a85b541b0f000001')}).limit(-1).sort([[:_id, :asc]])
D, [2011-10-25T19:14:15.060970 #15555] DEBUG -- : MONGODB presentations['presentations'].find({:_id=>BSON::ObjectId('4ea4a243a85b541b0f000001')}).limit(-1).sort([[:_id, :asc]])
D, [2011-10-25T19:14:52.461846 #15555] DEBUG -- : MONGODB presentations['presentations'].find({:_id=>BSON::ObjectId('4ea4a243a85b541b0f000001')}).limit(-1).sort([[:_id, :asc]])
D, [2011-10-25T19:15:10.140747 #15555] DEBUG -- : MONGODB presentations['presentations'].find({:_id=>BSON::ObjectId('4ea4a243a85b541b0f000001')}).limit(-1).sort([[:_id, :asc]])
